0 verbose cli C:\Program Files\nodejs\node.exe C:\Program Files\nodejs\node_modules\npm\bin\npm-cli.js
1 info using npm@11.11.1
2 info using node@v25.8.2
3 silly config load:file:C:\Program Files\nodejs\node_modules\npm\npmrc
4 info config found workspace root at D:\Projects\Odoo-Architect
5 silly config load:file:D:\Projects\Odoo-Architect\.npmrc
6 silly config load:file:C:\Users\Admin\.npmrc
7 silly config load:file:C:\Users\Admin\AppData\Roaming\npm\etc\npmrc
8 verbose title npm run build
9 verbose argv "run" "build"
10 verbose logfile logs-max:10 dir:d:\Projects\Odoo-Architect\.npm-cache\_logs\2026-07-12T10_33_57_173Z-
11 verbose logfile d:\Projects\Odoo-Architect\.npm-cache\_logs\2026-07-12T10_33_57_173Z-debug-0.log
12 warn Unknown env config "tmp". This will stop working in the next major version of npm. See `npm help npmrc` for supported config options.
13 warn Unknown project config "auto-install-peers". This will stop working in the next major version of npm. See `npm help npmrc` for supported config options.
14 warn Unknown project config "strict-peer-dependencies". This will stop working in the next major version of npm. See `npm help npmrc` for supported config options.
15 warn Unknown project config "tmp". This will stop working in the next major version of npm. See `npm help npmrc` for supported config options.
16 silly logfile start cleaning logs, removing 1 files
17 silly logfile done cleaning log files
18 verbose cwd D:\Projects\Odoo-Architect\artifacts\api-server
19 verbose os Windows_NT 10.0.26100
20 verbose node v25.8.2
21 verbose npm  v11.11.1
22 verbose exit 0
23 info ok
