0 verbose cli C:\Program Files\nodejs\node.exe C:\Program Files\nodejs\node_modules\npm\bin\npm-cli.js
1 info using npm@11.11.1
2 info using node@v25.8.2
3 silly config load:file:C:\Program Files\nodejs\node_modules\npm\npmrc
4 silly config load:file:D:\Projects\Odoo-Architect\.npmrc
5 silly config load:file:C:\Users\Admin\.npmrc
6 silly config load:file:C:\Users\Admin\AppData\Roaming\npm\etc\npmrc
7 verbose title npm run dev
8 verbose argv "run" "dev" "--workspace" "@workspace/assetflow"
9 verbose logfile logs-max:10 dir:d:\Projects\Odoo-Architect\.npm-cache\_logs\2026-07-12T10_33_49_653Z-
10 verbose logfile d:\Projects\Odoo-Architect\.npm-cache\_logs\2026-07-12T10_33_49_653Z-debug-0.log
11 warn Unknown env config "tmp". This will stop working in the next major version of npm. See `npm help npmrc` for supported config options.
12 warn Unknown project config "auto-install-peers". This will stop working in the next major version of npm. See `npm help npmrc` for supported config options.
13 warn Unknown project config "strict-peer-dependencies". This will stop working in the next major version of npm. See `npm help npmrc` for supported config options.
14 warn Unknown project config "tmp". This will stop working in the next major version of npm. See `npm help npmrc` for supported config options.
15 silly logfile start cleaning logs, removing 1 files
16 silly logfile done cleaning log files
17 verbose stack Error: command failed
17 verbose stack     at promiseSpawn (C:\Program Files\nodejs\node_modules\npm\node_modules\@npmcli\promise-spawn\lib\index.js:22:22)
17 verbose stack     at spawnWithShell (C:\Program Files\nodejs\node_modules\npm\node_modules\@npmcli\promise-spawn\lib\index.js:124:10)
17 verbose stack     at promiseSpawn (C:\Program Files\nodejs\node_modules\npm\node_modules\@npmcli\promise-spawn\lib\index.js:12:12)
17 verbose stack     at runScriptPkg (C:\Program Files\nodejs\node_modules\npm\node_modules\@npmcli\run-script\lib\run-script-pkg.js:79:13)
17 verbose stack     at runScript (C:\Program Files\nodejs\node_modules\npm\node_modules\@npmcli\run-script\lib\run-script.js:9:12)
17 verbose stack     at #run (C:\Program Files\nodejs\node_modules\npm\lib\commands\run.js:136:13)
17 verbose stack     at RunScript.execWorkspaces (C:\Program Files\nodejs\node_modules\npm\lib\commands\run.js:67:24)
17 verbose stack     at async Npm.exec (C:\Program Files\nodejs\node_modules\npm\lib\npm.js:193:9)
17 verbose stack     at async module.exports (C:\Program Files\nodejs\node_modules\npm\lib\cli\entry.js:67:5)
18 verbose pkgid @workspace/assetflow@0.0.0
19 error Lifecycle script `dev` failed with error:
20 error code 1
21 error path D:\Projects\Odoo-Architect\artifacts\assetflow
22 error workspace @workspace/assetflow@0.0.0
23 error location D:\Projects\Odoo-Architect\artifacts\assetflow
24 error command failed
25 error command C:\WINDOWS\system32\cmd.exe /d /s /c vite --config vite.config.ts --host 0.0.0.0
26 verbose cwd D:\Projects\Odoo-Architect
27 verbose os Windows_NT 10.0.26100
28 verbose node v25.8.2
29 verbose npm  v11.11.1
30 verbose exit 1
31 verbose code 1
